2024-05-03T09:02:49.356+07:00  INFO 19620 --- [CMSApplication] [restartedMain] c.example.cmsapplication.CmsApplication  : Starting CmsApplication using Java 20.0.2 with PID 19620 (E:\IntelliJ\CMSapplication\target\classes started by LNV in E:\IntelliJ\CMSapplication)
2024-05-03T09:02:49.360+07:00 DEBUG 19620 --- [CMSApplication] [restartedMain] c.example.cmsapplication.CmsApplication  : Running with Spring Boot v3.2.5, Spring v6.1.6
2024-05-03T09:02:49.360+07:00  INFO 19620 --- [CMSApplication] [restartedMain] c.example.cmsapplication.CmsApplication  : No active profile set, falling back to 1 default profile: "default"
2024-05-03T09:02:49.451+07:00  INFO 19620 --- [CMSApplication] [restartedMain] .e.DevToolsPropertyDefaultsPostProcessor : Devtools property defaults active! Set 'spring.devtools.add-properties' to 'false' to disable
2024-05-03T09:02:49.451+07:00  INFO 19620 --- [CMSApplication] [restartedMain] .e.DevToolsPropertyDefaultsPostProcessor : For additional web related logging consider setting the 'logging.level.web' property to 'DEBUG'
2024-05-03T09:02:51.159+07:00  INFO 19620 --- [CMSApplication] [restartedMain] .s.d.r.c.RepositoryConfigurationDelegate : Bootstrapping Spring Data JPA repositories in DEFAULT mode.
2024-05-03T09:02:51.241+07:00  INFO 19620 --- [CMSApplication] [restartedMain] .s.d.r.c.RepositoryConfigurationDelegate : Finished Spring Data repository scanning in 68 ms. Found 4 JPA repository interfaces.
2024-05-03T09:02:52.728+07:00  INFO 19620 --- [CMSApplication] [restartedMain] o.s.b.w.embedded.tomcat.TomcatWebServer  : Tomcat initialized with port 8080 (http)
2024-05-03T09:02:52.740+07:00  INFO 19620 --- [CMSApplication] [restartedMain] o.apache.catalina.core.StandardService   : Starting service [Tomcat]
2024-05-03T09:02:52.740+07:00  INFO 19620 --- [CMSApplication] [restartedMain] o.apache.catalina.core.StandardEngine    : Starting Servlet engine: [Apache Tomcat/10.1.20]
2024-05-03T09:02:52.815+07:00  INFO 19620 --- [CMSApplication] [restartedMain] o.a.c.c.C.[Tomcat].[localhost].[/]       : Initializing Spring embedded WebApplicationContext
2024-05-03T09:02:52.816+07:00  INFO 19620 --- [CMSApplication] [restartedMain] w.s.c.ServletWebServerApplicationContext : Root WebApplicationContext: initialization completed in 3364 ms
2024-05-03T09:02:53.309+07:00  INFO 19620 --- [CMSApplication] [restartedMain] o.hibernate.jpa.internal.util.LogHelper  : HHH000204: Processing PersistenceUnitInfo [name: default]
2024-05-03T09:02:53.426+07:00  INFO 19620 --- [CMSApplication] [restartedMain] org.hibernate.Version                    : HHH000412: Hibernate ORM core version 6.4.4.Final
2024-05-03T09:02:53.474+07:00  INFO 19620 --- [CMSApplication] [restartedMain] o.h.c.internal.RegionFactoryInitiator    : HHH000026: Second-level cache disabled
2024-05-03T09:02:53.911+07:00  INFO 19620 --- [CMSApplication] [restartedMain] o.s.o.j.p.SpringPersistenceUnitInfo      : No LoadTimeWeaver setup: ignoring JPA class transformer
2024-05-03T09:02:53.945+07:00  INFO 19620 --- [CMSApplication] [restartedMain] com.zaxxer.hikari.HikariDataSource       : HikariPool-1 - Starting...
2024-05-03T09:02:54.288+07:00  INFO 19620 --- [CMSApplication] [restartedMain] com.zaxxer.hikari.pool.HikariPool        : HikariPool-1 - Added connection com.mysql.cj.jdbc.ConnectionImpl@6995bd47
2024-05-03T09:02:54.292+07:00  INFO 19620 --- [CMSApplication] [restartedMain] com.zaxxer.hikari.HikariDataSource       : HikariPool-1 - Start completed.
2024-05-03T09:02:54.367+07:00  WARN 19620 --- [CMSApplication] [restartedMain] org.hibernate.orm.deprecation            : HHH90000025: MySQL8Dialect does not need to be specified explicitly using 'hibernate.dialect' (remove the property setting and it will be selected by default)
2024-05-03T09:02:54.367+07:00  WARN 19620 --- [CMSApplication] [restartedMain] org.hibernate.orm.deprecation            : HHH90000026: MySQL8Dialect has been deprecated; use org.hibernate.dialect.MySQLDialect instead
2024-05-03T09:02:55.616+07:00  INFO 19620 --- [CMSApplication] [restartedMain] o.h.e.t.j.p.i.JtaPlatformInitiator       : HHH000489: No JTA platform available (set 'hibernate.transaction.jta.platform' to enable JTA platform integration)
2024-05-03T09:02:55.774+07:00  INFO 19620 --- [CMSApplication] [restartedMain] j.LocalContainerEntityManagerFactoryBean : Initialized JPA EntityManagerFactory for persistence unit 'default'
2024-05-03T09:02:56.248+07:00  INFO 19620 --- [CMSApplication] [restartedMain] o.s.d.j.r.query.QueryEnhancerFactory     : Hibernate is in classpath; If applicable, HQL parser will be used.
2024-05-03T09:02:56.809+07:00  WARN 19620 --- [CMSApplication] [restartedMain] JpaBaseConfiguration$JpaWebConfiguration : spring.jpa.open-in-view is enabled by default. Therefore, database queries may be performed during view rendering. Explicitly configure spring.jpa.open-in-view to disable this warning
2024-05-03T09:02:57.362+07:00  INFO 19620 --- [CMSApplication] [restartedMain] o.s.b.a.e.web.EndpointLinksResolver      : Exposing 1 endpoint(s) beneath base path '/actuator'
2024-05-03T09:02:57.380+07:00  INFO 19620 --- [CMSApplication] [restartedMain] c.e.c.config.WebSecurityConfig           : Configuring Security Filter Chain...
2024-05-03T09:02:57.380+07:00  INFO 19620 --- [CMSApplication] [restartedMain] c.e.c.config.WebSecurityConfig           : disabling CSRF Protection...
2024-05-03T09:02:57.380+07:00  INFO 19620 --- [CMSApplication] [restartedMain] c.e.c.config.WebSecurityConfig           : disabled csrf
2024-05-03T09:02:57.380+07:00  INFO 19620 --- [CMSApplication] [restartedMain] c.e.c.config.WebSecurityConfig           : Configuring request matchers for authorization...
2024-05-03T09:02:57.396+07:00  INFO 19620 --- [CMSApplication] [restartedMain] c.e.c.config.WebSecurityConfig           : Request matchers configured.
2024-05-03T09:02:57.396+07:00  INFO 19620 --- [CMSApplication] [restartedMain] c.e.c.config.WebSecurityConfig           : SecurityFilterChain configured successfully.
2024-05-03T09:02:57.444+07:00  INFO 19620 --- [CMSApplication] [restartedMain] o.s.s.web.DefaultSecurityFilterChain     : Will secure any request with [org.springframework.security.web.session.DisableEncodeUrlFilter@3a363933, org.springframework.security.web.context.request.async.WebAsyncManagerIntegrationFilter@660df888, org.springframework.security.web.context.SecurityContextHolderFilter@10c8be22, org.springframework.security.web.header.HeaderWriterFilter@1c658f34, org.springframework.web.filter.CorsFilter@67a93193, org.springframework.security.web.authentication.logout.LogoutFilter@73235b41, org.springframework.security.web.authentication.www.BasicAuthenticationFilter@6bdfb013, org.springframework.security.web.savedrequest.RequestCacheAwareFilter@52ec3655, org.springframework.security.web.servletapi.SecurityContextHolderAwareRequestFilter@3fdab215, org.springframework.security.web.authentication.AnonymousAuthenticationFilter@7ff03bce, org.springframework.security.web.session.SessionManagementFilter@1037037f, org.springframework.security.web.access.ExceptionTranslationFilter@1b7bc720, org.springframework.security.web.access.intercept.AuthorizationFilter@7ee940b0]
2024-05-03T09:02:57.871+07:00  INFO 19620 --- [CMSApplication] [restartedMain] o.s.b.d.a.OptionalLiveReloadServer       : LiveReload server is running on port 35729
2024-05-03T09:02:57.952+07:00  INFO 19620 --- [CMSApplication] [restartedMain] o.s.b.w.embedded.tomcat.TomcatWebServer  : Tomcat started on port 8080 (http) with context path ''
2024-05-03T09:02:57.965+07:00  INFO 19620 --- [CMSApplication] [restartedMain] c.example.cmsapplication.CmsApplication  : Started CmsApplication in 9.628 seconds (process running for 12.695)
2024-05-03T09:02:58.487+07:00  INFO 19620 --- [CMSApplication] [RMI TCP Connection(4)-192.168.1.129] o.a.c.c.C.[Tomcat].[localhost].[/]       : Initializing Spring DispatcherServlet 'dispatcherServlet'
2024-05-03T09:02:58.487+07:00  INFO 19620 --- [CMSApplication] [RMI TCP Connection(4)-192.168.1.129] o.s.web.servlet.DispatcherServlet        : Initializing Servlet 'dispatcherServlet'
2024-05-03T09:02:58.487+07:00  INFO 19620 --- [CMSApplication] [RMI TCP Connection(4)-192.168.1.129] o.s.web.servlet.DispatcherServlet        : Completed initialization in 0 ms
2024-05-03T09:03:46.118+07:00  INFO 19620 --- [CMSApplication] [File Watcher] rtingClassPathChangeChangedEventListener : Restarting due to 1 class path change (0 additions, 1 deletion, 0 modifications)
2024-05-03T09:03:46.158+07:00  INFO 19620 --- [CMSApplication] [Thread-5] j.LocalContainerEntityManagerFactoryBean : Closing JPA EntityManagerFactory for persistence unit 'default'
2024-05-03T09:03:46.201+07:00  INFO 19620 --- [CMSApplication] [Thread-5] com.zaxxer.hikari.HikariDataSource       : HikariPool-1 - Shutdown initiated...
2024-05-03T09:03:46.201+07:00  INFO 19620 --- [CMSApplication] [Thread-5] com.zaxxer.hikari.HikariDataSource       : HikariPool-1 - Shutdown completed.
2024-05-03T09:03:46.340+07:00  INFO 19620 --- [CMSApplication] [restartedMain] c.example.cmsapplication.CmsApplication  : Starting CmsApplication using Java 20.0.2 with PID 19620 (E:\IntelliJ\CMSapplication\target\classes started by LNV in E:\IntelliJ\CMSapplication)
2024-05-03T09:03:46.340+07:00 DEBUG 19620 --- [CMSApplication] [restartedMain] c.example.cmsapplication.CmsApplication  : Running with Spring Boot v3.2.5, Spring v6.1.6
2024-05-03T09:03:46.340+07:00  INFO 19620 --- [CMSApplication] [restartedMain] c.example.cmsapplication.CmsApplication  : No active profile set, falling back to 1 default profile: "default"
2024-05-03T09:03:46.721+07:00  INFO 19620 --- [CMSApplication] [restartedMain] .s.d.r.c.RepositoryConfigurationDelegate : Bootstrapping Spring Data JPA repositories in DEFAULT mode.
2024-05-03T09:03:46.739+07:00  INFO 19620 --- [CMSApplication] [restartedMain] .s.d.r.c.RepositoryConfigurationDelegate : Finished Spring Data repository scanning in 16 ms. Found 4 JPA repository interfaces.
2024-05-03T09:03:46.968+07:00  INFO 19620 --- [CMSApplication] [restartedMain] o.s.b.w.embedded.tomcat.TomcatWebServer  : Tomcat initialized with port 8080 (http)
2024-05-03T09:03:46.974+07:00  INFO 19620 --- [CMSApplication] [restartedMain] o.apache.catalina.core.StandardService   : Starting service [Tomcat]
2024-05-03T09:03:46.974+07:00  INFO 19620 --- [CMSApplication] [restartedMain] o.apache.catalina.core.StandardEngine    : Starting Servlet engine: [Apache Tomcat/10.1.20]
2024-05-03T09:03:46.994+07:00  INFO 19620 --- [CMSApplication] [restartedMain] o.a.c.c.C.[Tomcat].[localhost].[/]       : Initializing Spring embedded WebApplicationContext
2024-05-03T09:03:46.994+07:00  INFO 19620 --- [CMSApplication] [restartedMain] w.s.c.ServletWebServerApplicationContext : Root WebApplicationContext: initialization completed in 649 ms
2024-05-03T09:03:47.168+07:00  INFO 19620 --- [CMSApplication] [restartedMain] o.hibernate.jpa.internal.util.LogHelper  : HHH000204: Processing PersistenceUnitInfo [name: default]
2024-05-03T09:03:47.175+07:00  INFO 19620 --- [CMSApplication] [restartedMain] o.h.c.internal.RegionFactoryInitiator    : HHH000026: Second-level cache disabled
2024-05-03T09:03:47.180+07:00  INFO 19620 --- [CMSApplication] [restartedMain] o.s.o.j.p.SpringPersistenceUnitInfo      : No LoadTimeWeaver setup: ignoring JPA class transformer
2024-05-03T09:03:47.183+07:00  INFO 19620 --- [CMSApplication] [restartedMain] com.zaxxer.hikari.HikariDataSource       : HikariPool-2 - Starting...
2024-05-03T09:03:47.189+07:00  INFO 19620 --- [CMSApplication] [restartedMain] com.zaxxer.hikari.pool.HikariPool        : HikariPool-2 - Added connection com.mysql.cj.jdbc.ConnectionImpl@4288fdc9
2024-05-03T09:03:47.190+07:00  INFO 19620 --- [CMSApplication] [restartedMain] com.zaxxer.hikari.HikariDataSource       : HikariPool-2 - Start completed.
2024-05-03T09:03:47.190+07:00  WARN 19620 --- [CMSApplication] [restartedMain] org.hibernate.orm.deprecation            : HHH90000025: MySQL8Dialect does not need to be specified explicitly using 'hibernate.dialect' (remove the property setting and it will be selected by default)
2024-05-03T09:03:47.190+07:00  WARN 19620 --- [CMSApplication] [restartedMain] org.hibernate.orm.deprecation            : HHH90000026: MySQL8Dialect has been deprecated; use org.hibernate.dialect.MySQLDialect instead
2024-05-03T09:03:47.318+07:00  INFO 19620 --- [CMSApplication] [restartedMain] o.h.e.t.j.p.i.JtaPlatformInitiator       : HHH000489: No JTA platform available (set 'hibernate.transaction.jta.platform' to enable JTA platform integration)
2024-05-03T09:03:47.364+07:00  INFO 19620 --- [CMSApplication] [restartedMain] j.LocalContainerEntityManagerFactoryBean : Initialized JPA EntityManagerFactory for persistence unit 'default'
2024-05-03T09:03:47.577+07:00  WARN 19620 --- [CMSApplication] [restartedMain] JpaBaseConfiguration$JpaWebConfiguration : spring.jpa.open-in-view is enabled by default. Therefore, database queries may be performed during view rendering. Explicitly configure spring.jpa.open-in-view to disable this warning
2024-05-03T09:03:47.869+07:00  INFO 19620 --- [CMSApplication] [restartedMain] o.s.b.a.e.web.EndpointLinksResolver      : Exposing 1 endpoint(s) beneath base path '/actuator'
2024-05-03T09:03:47.881+07:00  INFO 19620 --- [CMSApplication] [restartedMain] c.e.c.config.WebSecurityConfig           : Configuring Security Filter Chain...
2024-05-03T09:03:47.881+07:00  INFO 19620 --- [CMSApplication] [restartedMain] c.e.c.config.WebSecurityConfig           : disabling CSRF Protection...
2024-05-03T09:03:47.881+07:00  INFO 19620 --- [CMSApplication] [restartedMain] c.e.c.config.WebSecurityConfig           : disabled csrf
2024-05-03T09:03:47.881+07:00  INFO 19620 --- [CMSApplication] [restartedMain] c.e.c.config.WebSecurityConfig           : Configuring request matchers for authorization...
2024-05-03T09:03:47.893+07:00  INFO 19620 --- [CMSApplication] [restartedMain] c.e.c.config.WebSecurityConfig           : Request matchers configured.
2024-05-03T09:03:47.894+07:00  INFO 19620 --- [CMSApplication] [restartedMain] c.e.c.config.WebSecurityConfig           : SecurityFilterChain configured successfully.
2024-05-03T09:03:47.914+07:00  INFO 19620 --- [CMSApplication] [restartedMain] o.s.s.web.DefaultSecurityFilterChain     : Will secure any request with [org.springframework.security.web.session.DisableEncodeUrlFilter@5de7ab83, org.springframework.security.web.context.request.async.WebAsyncManagerIntegrationFilter@69c625a1, org.springframework.security.web.context.SecurityContextHolderFilter@ddb69b9, org.springframework.security.web.header.HeaderWriterFilter@62312705, org.springframework.web.filter.CorsFilter@567627c3, org.springframework.security.web.authentication.logout.LogoutFilter@188fa487, org.springframework.security.web.authentication.www.BasicAuthenticationFilter@3f91608e, org.springframework.security.web.savedrequest.RequestCacheAwareFilter@32231186, org.springframework.security.web.servletapi.SecurityContextHolderAwareRequestFilter@784eb9ee, org.springframework.security.web.authentication.AnonymousAuthenticationFilter@222ebdee, org.springframework.security.web.session.SessionManagementFilter@324d0929, org.springframework.security.web.access.ExceptionTranslationFilter@9b1440a, org.springframework.security.web.access.intercept.AuthorizationFilter@281cc947]
2024-05-03T09:03:48.171+07:00  INFO 19620 --- [CMSApplication] [restartedMain] o.s.b.d.a.OptionalLiveReloadServer       : LiveReload server is running on port 35729
2024-05-03T09:03:48.203+07:00  INFO 19620 --- [CMSApplication] [restartedMain] o.s.b.w.embedded.tomcat.TomcatWebServer  : Tomcat started on port 8080 (http) with context path ''
2024-05-03T09:03:48.212+07:00  INFO 19620 --- [CMSApplication] [restartedMain] c.example.cmsapplication.CmsApplication  : Started CmsApplication in 1.906 seconds (process running for 62.943)
2024-05-03T09:03:48.218+07:00  INFO 19620 --- [CMSApplication] [restartedMain] .ConditionEvaluationDeltaLoggingListener : Condition evaluation unchanged
2024-05-03T09:03:49.600+07:00  INFO 19620 --- [CMSApplication] [File Watcher] rtingClassPathChangeChangedEventListener : Restarting due to 1 class path change (1 addition, 0 deletions, 0 modifications)
2024-05-03T09:03:49.618+07:00  INFO 19620 --- [CMSApplication] [Thread-7] j.LocalContainerEntityManagerFactoryBean : Closing JPA EntityManagerFactory for persistence unit 'default'
2024-05-03T09:03:49.618+07:00  INFO 19620 --- [CMSApplication] [Thread-7] com.zaxxer.hikari.HikariDataSource       : HikariPool-2 - Shutdown initiated...
2024-05-03T09:03:49.625+07:00  INFO 19620 --- [CMSApplication] [Thread-7] com.zaxxer.hikari.HikariDataSource       : HikariPool-2 - Shutdown completed.
2024-05-03T09:03:49.729+07:00  INFO 19620 --- [CMSApplication] [restartedMain] c.example.cmsapplication.CmsApplication  : Starting CmsApplication using Java 20.0.2 with PID 19620 (E:\IntelliJ\CMSapplication\target\classes started by LNV in E:\IntelliJ\CMSapplication)
2024-05-03T09:03:49.729+07:00 DEBUG 19620 --- [CMSApplication] [restartedMain] c.example.cmsapplication.CmsApplication  : Running with Spring Boot v3.2.5, Spring v6.1.6
2024-05-03T09:03:49.729+07:00  INFO 19620 --- [CMSApplication] [restartedMain] c.example.cmsapplication.CmsApplication  : No active profile set, falling back to 1 default profile: "default"
2024-05-03T09:03:50.074+07:00  INFO 19620 --- [CMSApplication] [restartedMain] .s.d.r.c.RepositoryConfigurationDelegate : Bootstrapping Spring Data JPA repositories in DEFAULT mode.
2024-05-03T09:03:50.097+07:00  INFO 19620 --- [CMSApplication] [restartedMain] .s.d.r.c.RepositoryConfigurationDelegate : Finished Spring Data repository scanning in 16 ms. Found 4 JPA repository interfaces.
2024-05-03T09:03:50.313+07:00  INFO 19620 --- [CMSApplication] [restartedMain] o.s.b.w.embedded.tomcat.TomcatWebServer  : Tomcat initialized with port 8080 (http)
2024-05-03T09:03:50.326+07:00  INFO 19620 --- [CMSApplication] [restartedMain] o.apache.catalina.core.StandardService   : Starting service [Tomcat]
2024-05-03T09:03:50.326+07:00  INFO 19620 --- [CMSApplication] [restartedMain] o.apache.catalina.core.StandardEngine    : Starting Servlet engine: [Apache Tomcat/10.1.20]
2024-05-03T09:03:50.342+07:00  INFO 19620 --- [CMSApplication] [restartedMain] o.a.c.c.C.[Tomcat].[localhost].[/]       : Initializing Spring embedded WebApplicationContext
2024-05-03T09:03:50.342+07:00  INFO 19620 --- [CMSApplication] [restartedMain] w.s.c.ServletWebServerApplicationContext : Root WebApplicationContext: initialization completed in 613 ms
2024-05-03T09:03:50.476+07:00  INFO 19620 --- [CMSApplication] [restartedMain] o.hibernate.jpa.internal.util.LogHelper  : HHH000204: Processing PersistenceUnitInfo [name: default]
2024-05-03T09:03:50.485+07:00  INFO 19620 --- [CMSApplication] [restartedMain] o.h.c.internal.RegionFactoryInitiator    : HHH000026: Second-level cache disabled
2024-05-03T09:03:50.488+07:00  INFO 19620 --- [CMSApplication] [restartedMain] o.s.o.j.p.SpringPersistenceUnitInfo      : No LoadTimeWeaver setup: ignoring JPA class transformer
2024-05-03T09:03:50.488+07:00  INFO 19620 --- [CMSApplication] [restartedMain] com.zaxxer.hikari.HikariDataSource       : HikariPool-3 - Starting...
2024-05-03T09:03:50.495+07:00  INFO 19620 --- [CMSApplication] [restartedMain] com.zaxxer.hikari.pool.HikariPool        : HikariPool-3 - Added connection com.mysql.cj.jdbc.ConnectionImpl@603d7f10
2024-05-03T09:03:50.495+07:00  INFO 19620 --- [CMSApplication] [restartedMain] com.zaxxer.hikari.HikariDataSource       : HikariPool-3 - Start completed.
2024-05-03T09:03:50.495+07:00  WARN 19620 --- [CMSApplication] [restartedMain] org.hibernate.orm.deprecation            : HHH90000025: MySQL8Dialect does not need to be specified explicitly using 'hibernate.dialect' (remove the property setting and it will be selected by default)
2024-05-03T09:03:50.495+07:00  WARN 19620 --- [CMSApplication] [restartedMain] org.hibernate.orm.deprecation            : HHH90000026: MySQL8Dialect has been deprecated; use org.hibernate.dialect.MySQLDialect instead
2024-05-03T09:03:50.612+07:00  INFO 19620 --- [CMSApplication] [restartedMain] o.h.e.t.j.p.i.JtaPlatformInitiator       : HHH000489: No JTA platform available (set 'hibernate.transaction.jta.platform' to enable JTA platform integration)
2024-05-03T09:03:50.667+07:00  INFO 19620 --- [CMSApplication] [restartedMain] j.LocalContainerEntityManagerFactoryBean : Initialized JPA EntityManagerFactory for persistence unit 'default'
2024-05-03T09:03:50.895+07:00  WARN 19620 --- [CMSApplication] [restartedMain] JpaBaseConfiguration$JpaWebConfiguration : spring.jpa.open-in-view is enabled by default. Therefore, database queries may be performed during view rendering. Explicitly configure spring.jpa.open-in-view to disable this warning
2024-05-03T09:03:51.206+07:00  INFO 19620 --- [CMSApplication] [restartedMain] o.s.b.a.e.web.EndpointLinksResolver      : Exposing 1 endpoint(s) beneath base path '/actuator'
2024-05-03T09:03:51.237+07:00  INFO 19620 --- [CMSApplication] [restartedMain] c.e.c.config.WebSecurityConfig           : Configuring Security Filter Chain...
2024-05-03T09:03:51.237+07:00  INFO 19620 --- [CMSApplication] [restartedMain] c.e.c.config.WebSecurityConfig           : disabling CSRF Protection...
2024-05-03T09:03:51.237+07:00  INFO 19620 --- [CMSApplication] [restartedMain] c.e.c.config.WebSecurityConfig           : disabled csrf
2024-05-03T09:03:51.237+07:00  INFO 19620 --- [CMSApplication] [restartedMain] c.e.c.config.WebSecurityConfig           : Configuring request matchers for authorization...
2024-05-03T09:03:51.237+07:00  INFO 19620 --- [CMSApplication] [restartedMain] c.e.c.config.WebSecurityConfig           : Request matchers configured.
2024-05-03T09:03:51.237+07:00  INFO 19620 --- [CMSApplication] [restartedMain] c.e.c.config.WebSecurityConfig           : SecurityFilterChain configured successfully.
2024-05-03T09:03:51.274+07:00  INFO 19620 --- [CMSApplication] [restartedMain] o.s.s.web.DefaultSecurityFilterChain     : Will secure any request with [org.springframework.security.web.session.DisableEncodeUrlFilter@6f29d147, org.springframework.security.web.context.request.async.WebAsyncManagerIntegrationFilter@43fbbea3, org.springframework.security.web.context.SecurityContextHolderFilter@52496bc6, org.springframework.security.web.header.HeaderWriterFilter@6257f0fd, org.springframework.web.filter.CorsFilter@659ad065, org.springframework.security.web.authentication.logout.LogoutFilter@6c25074b, org.springframework.security.web.authentication.www.BasicAuthenticationFilter@7f5a749d, org.springframework.security.web.savedrequest.RequestCacheAwareFilter@6cf49f43, org.springframework.security.web.servletapi.SecurityContextHolderAwareRequestFilter@ecce1fe, org.springframework.security.web.authentication.AnonymousAuthenticationFilter@7e3b3fbb, org.springframework.security.web.session.SessionManagementFilter@71c3890, org.springframework.security.web.access.ExceptionTranslationFilter@22fd8585, org.springframework.security.web.access.intercept.AuthorizationFilter@42b885f3]
2024-05-03T09:03:51.537+07:00  INFO 19620 --- [CMSApplication] [restartedMain] o.s.b.d.a.OptionalLiveReloadServer       : LiveReload server is running on port 35729
2024-05-03T09:03:51.565+07:00  INFO 19620 --- [CMSApplication] [restartedMain] o.s.b.w.embedded.tomcat.TomcatWebServer  : Tomcat started on port 8080 (http) with context path ''
2024-05-03T09:03:51.578+07:00  INFO 19620 --- [CMSApplication] [restartedMain] c.example.cmsapplication.CmsApplication  : Started CmsApplication in 1.881 seconds (process running for 66.306)
2024-05-03T09:03:51.578+07:00  INFO 19620 --- [CMSApplication] [restartedMain] .ConditionEvaluationDeltaLoggingListener : Condition evaluation unchanged
2024-05-03T09:04:03.081+07:00  INFO 19620 --- [CMSApplication] [SpringApplicationShutdownHook] j.LocalContainerEntityManagerFactoryBean : Closing JPA EntityManagerFactory for persistence unit 'default'
2024-05-03T09:04:03.081+07:00  INFO 19620 --- [CMSApplication] [SpringApplicationShutdownHook] com.zaxxer.hikari.HikariDataSource       : HikariPool-3 - Shutdown initiated...
2024-05-03T09:04:03.081+07:00  INFO 19620 --- [CMSApplication] [SpringApplicationShutdownHook] com.zaxxer.hikari.HikariDataSource       : HikariPool-3 - Shutdown completed.
2024-05-03T09:04:47.872+07:00  INFO 21224 --- [CMSApplication] [restartedMain] c.example.cmsapplication.CmsApplication  : Starting CmsApplication using Java 20.0.2 with PID 21224 (E:\IntelliJ\CMSapplication\target\classes started by LNV in E:\IntelliJ\CMSapplication)
2024-05-03T09:04:47.873+07:00 DEBUG 21224 --- [CMSApplication] [restartedMain] c.example.cmsapplication.CmsApplication  : Running with Spring Boot v3.2.5, Spring v6.1.6
2024-05-03T09:04:47.874+07:00  INFO 21224 --- [CMSApplication] [restartedMain] c.example.cmsapplication.CmsApplication  : No active profile set, falling back to 1 default profile: "default"
2024-05-03T09:04:47.930+07:00  INFO 21224 --- [CMSApplication] [restartedMain] .e.DevToolsPropertyDefaultsPostProcessor : Devtools property defaults active! Set 'spring.devtools.add-properties' to 'false' to disable
2024-05-03T09:04:47.930+07:00  INFO 21224 --- [CMSApplication] [restartedMain] .e.DevToolsPropertyDefaultsPostProcessor : For additional web related logging consider setting the 'logging.level.web' property to 'DEBUG'
2024-05-03T09:04:48.990+07:00  INFO 21224 --- [CMSApplication] [restartedMain] .s.d.r.c.RepositoryConfigurationDelegate : Bootstrapping Spring Data JPA repositories in DEFAULT mode.
2024-05-03T09:04:49.055+07:00  INFO 21224 --- [CMSApplication] [restartedMain] .s.d.r.c.RepositoryConfigurationDelegate : Finished Spring Data repository scanning in 56 ms. Found 4 JPA repository interfaces.
2024-05-03T09:04:49.859+07:00  INFO 21224 --- [CMSApplication] [restartedMain] o.s.b.w.embedded.tomcat.TomcatWebServer  : Tomcat initialized with port 8080 (http)
2024-05-03T09:04:49.871+07:00  INFO 21224 --- [CMSApplication] [restartedMain] o.apache.catalina.core.StandardService   : Starting service [Tomcat]
2024-05-03T09:04:49.871+07:00  INFO 21224 --- [CMSApplication] [restartedMain] o.apache.catalina.core.StandardEngine    : Starting Servlet engine: [Apache Tomcat/10.1.20]
2024-05-03T09:04:49.925+07:00  INFO 21224 --- [CMSApplication] [restartedMain] o.a.c.c.C.[Tomcat].[localhost].[/]       : Initializing Spring embedded WebApplicationContext
2024-05-03T09:04:49.925+07:00  INFO 21224 --- [CMSApplication] [restartedMain] w.s.c.ServletWebServerApplicationContext : Root WebApplicationContext: initialization completed in 1994 ms
2024-05-03T09:04:50.270+07:00  INFO 21224 --- [CMSApplication] [restartedMain] o.hibernate.jpa.internal.util.LogHelper  : HHH000204: Processing PersistenceUnitInfo [name: default]
2024-05-03T09:04:50.331+07:00  INFO 21224 --- [CMSApplication] [restartedMain] org.hibernate.Version                    : HHH000412: Hibernate ORM core version 6.4.4.Final
2024-05-03T09:04:50.365+07:00  INFO 21224 --- [CMSApplication] [restartedMain] o.h.c.internal.RegionFactoryInitiator    : HHH000026: Second-level cache disabled
2024-05-03T09:04:50.597+07:00  INFO 21224 --- [CMSApplication] [restartedMain] o.s.o.j.p.SpringPersistenceUnitInfo      : No LoadTimeWeaver setup: ignoring JPA class transformer
2024-05-03T09:04:50.631+07:00  INFO 21224 --- [CMSApplication] [restartedMain] com.zaxxer.hikari.HikariDataSource       : HikariPool-1 - Starting...
2024-05-03T09:04:50.785+07:00  INFO 21224 --- [CMSApplication] [restartedMain] com.zaxxer.hikari.pool.HikariPool        : HikariPool-1 - Added connection com.mysql.cj.jdbc.ConnectionImpl@3ad4a3db
2024-05-03T09:04:50.787+07:00  INFO 21224 --- [CMSApplication] [restartedMain] com.zaxxer.hikari.HikariDataSource       : HikariPool-1 - Start completed.
2024-05-03T09:04:50.833+07:00  WARN 21224 --- [CMSApplication] [restartedMain] org.hibernate.orm.deprecation            : HHH90000025: MySQL8Dialect does not need to be specified explicitly using 'hibernate.dialect' (remove the property setting and it will be selected by default)
2024-05-03T09:04:50.834+07:00  WARN 21224 --- [CMSApplication] [restartedMain] org.hibernate.orm.deprecation            : HHH90000026: MySQL8Dialect has been deprecated; use org.hibernate.dialect.MySQLDialect instead
2024-05-03T09:04:51.775+07:00  INFO 21224 --- [CMSApplication] [restartedMain] o.h.e.t.j.p.i.JtaPlatformInitiator       : HHH000489: No JTA platform available (set 'hibernate.transaction.jta.platform' to enable JTA platform integration)
2024-05-03T09:04:51.877+07:00  INFO 21224 --- [CMSApplication] [restartedMain] j.LocalContainerEntityManagerFactoryBean : Initialized JPA EntityManagerFactory for persistence unit 'default'
2024-05-03T09:04:52.320+07:00  INFO 21224 --- [CMSApplication] [restartedMain] o.s.d.j.r.query.QueryEnhancerFactory     : Hibernate is in classpath; If applicable, HQL parser will be used.
2024-05-03T09:04:52.794+07:00  WARN 21224 --- [CMSApplication] [restartedMain] JpaBaseConfiguration$JpaWebConfiguration : spring.jpa.open-in-view is enabled by default. Therefore, database queries may be performed during view rendering. Explicitly configure spring.jpa.open-in-view to disable this warning
2024-05-03T09:04:53.313+07:00  INFO 21224 --- [CMSApplication] [restartedMain] o.s.b.a.e.web.EndpointLinksResolver      : Exposing 1 endpoint(s) beneath base path '/actuator'
2024-05-03T09:04:53.341+07:00  INFO 21224 --- [CMSApplication] [restartedMain] c.e.c.config.WebSecurityConfig           : Configuring Security Filter Chain...
2024-05-03T09:04:53.341+07:00  INFO 21224 --- [CMSApplication] [restartedMain] c.e.c.config.WebSecurityConfig           : disabling CSRF Protection...
2024-05-03T09:04:53.341+07:00  INFO 21224 --- [CMSApplication] [restartedMain] c.e.c.config.WebSecurityConfig           : disabled csrf
2024-05-03T09:04:53.341+07:00  INFO 21224 --- [CMSApplication] [restartedMain] c.e.c.config.WebSecurityConfig           : Configuring request matchers for authorization...
2024-05-03T09:04:53.355+07:00  INFO 21224 --- [CMSApplication] [restartedMain] c.e.c.config.WebSecurityConfig           : Request matchers configured.
2024-05-03T09:04:53.355+07:00  INFO 21224 --- [CMSApplication] [restartedMain] c.e.c.config.WebSecurityConfig           : SecurityFilterChain configured successfully.
2024-05-03T09:04:53.402+07:00  INFO 21224 --- [CMSApplication] [restartedMain] o.s.s.web.DefaultSecurityFilterChain     : Will secure any request with [org.springframework.security.web.session.DisableEncodeUrlFilter@7e49e1f9, org.springframework.security.web.context.request.async.WebAsyncManagerIntegrationFilter@1d752137, org.springframework.security.web.context.SecurityContextHolderFilter@13c676a0, org.springframework.security.web.header.HeaderWriterFilter@7ab13a79, org.springframework.web.filter.CorsFilter@76c064ae, org.springframework.security.web.authentication.logout.LogoutFilter@6f3b4079, org.springframework.security.web.authentication.www.BasicAuthenticationFilter@678da77f, org.springframework.security.web.savedrequest.RequestCacheAwareFilter@20cea451, org.springframework.security.web.servletapi.SecurityContextHolderAwareRequestFilter@1b6f6e41, org.springframework.security.web.authentication.AnonymousAuthenticationFilter@2adb131f, org.springframework.security.web.session.SessionManagementFilter@20520b92, org.springframework.security.web.access.ExceptionTranslationFilter@7ea15cc7, org.springframework.security.web.access.intercept.AuthorizationFilter@71e8c99e]
2024-05-03T09:04:53.855+07:00  INFO 21224 --- [CMSApplication] [restartedMain] o.s.b.d.a.OptionalLiveReloadServer       : LiveReload server is running on port 35729
2024-05-03T09:04:53.940+07:00  INFO 21224 --- [CMSApplication] [restartedMain] o.s.b.w.embedded.tomcat.TomcatWebServer  : Tomcat started on port 8080 (http) with context path ''
2024-05-03T09:04:53.958+07:00  INFO 21224 --- [CMSApplication] [restartedMain] c.example.cmsapplication.CmsApplication  : Started CmsApplication in 6.563 seconds (process running for 7.406)
2024-05-03T09:04:54.651+07:00  INFO 21224 --- [CMSApplication] [RMI TCP Connection(2)-192.168.1.129] o.a.c.c.C.[Tomcat].[localhost].[/]       : Initializing Spring DispatcherServlet 'dispatcherServlet'
2024-05-03T09:04:54.652+07:00  INFO 21224 --- [CMSApplication] [RMI TCP Connection(2)-192.168.1.129] o.s.web.servlet.DispatcherServlet        : Initializing Servlet 'dispatcherServlet'
2024-05-03T09:04:54.680+07:00  INFO 21224 --- [CMSApplication] [RMI TCP Connection(2)-192.168.1.129] o.s.web.servlet.DispatcherServlet        : Completed initialization in 3 ms
2024-05-03T09:05:22.941+07:00  INFO 21224 --- [CMSApplication] [SpringApplicationShutdownHook] j.LocalContainerEntityManagerFactoryBean : Closing JPA EntityManagerFactory for persistence unit 'default'
2024-05-03T09:05:22.948+07:00  INFO 21224 --- [CMSApplication] [SpringApplicationShutdownHook] com.zaxxer.hikari.HikariDataSource       : HikariPool-1 - Shutdown initiated...
2024-05-03T09:05:22.948+07:00  INFO 21224 --- [CMSApplication] [SpringApplicationShutdownHook] com.zaxxer.hikari.HikariDataSource       : HikariPool-1 - Shutdown completed.
2024-05-03T11:12:25.744+07:00  INFO 20568 --- [CMSApplication] [restartedMain] c.example.cmsapplication.CmsApplication  : Starting CmsApplication using Java 20.0.2 with PID 20568 (E:\IntelliJ\CMSapplication\target\classes started by LNV in E:\IntelliJ\CMSapplication)
2024-05-03T11:12:25.745+07:00 DEBUG 20568 --- [CMSApplication] [restartedMain] c.example.cmsapplication.CmsApplication  : Running with Spring Boot v3.2.5, Spring v6.1.6
2024-05-03T11:12:25.746+07:00  INFO 20568 --- [CMSApplication] [restartedMain] c.example.cmsapplication.CmsApplication  : No active profile set, falling back to 1 default profile: "default"
2024-05-03T11:12:25.808+07:00  INFO 20568 --- [CMSApplication] [restartedMain] .e.DevToolsPropertyDefaultsPostProcessor : Devtools property defaults active! Set 'spring.devtools.add-properties' to 'false' to disable
2024-05-03T11:12:25.808+07:00  INFO 20568 --- [CMSApplication] [restartedMain] .e.DevToolsPropertyDefaultsPostProcessor : For additional web related logging consider setting the 'logging.level.web' property to 'DEBUG'
2024-05-03T11:12:26.837+07:00  INFO 20568 --- [CMSApplication] [restartedMain] .s.d.r.c.RepositoryConfigurationDelegate : Bootstrapping Spring Data JPA repositories in DEFAULT mode.
2024-05-03T11:12:26.897+07:00  INFO 20568 --- [CMSApplication] [restartedMain] .s.d.r.c.RepositoryConfigurationDelegate : Finished Spring Data repository scanning in 51 ms. Found 4 JPA repository interfaces.
2024-05-03T11:12:27.673+07:00  INFO 20568 --- [CMSApplication] [restartedMain] o.s.b.w.embedded.tomcat.TomcatWebServer  : Tomcat initialized with port 8080 (http)
2024-05-03T11:12:27.687+07:00  INFO 20568 --- [CMSApplication] [restartedMain] o.apache.catalina.core.StandardService   : Starting service [Tomcat]
2024-05-03T11:12:27.687+07:00  INFO 20568 --- [CMSApplication] [restartedMain] o.apache.catalina.core.StandardEngine    : Starting Servlet engine: [Apache Tomcat/10.1.20]
2024-05-03T11:12:27.734+07:00  INFO 20568 --- [CMSApplication] [restartedMain] o.a.c.c.C.[Tomcat].[localhost].[/]       : Initializing Spring embedded WebApplicationContext
2024-05-03T11:12:27.735+07:00  INFO 20568 --- [CMSApplication] [restartedMain] w.s.c.ServletWebServerApplicationContext : Root WebApplicationContext: initialization completed in 1926 ms
2024-05-03T11:12:28.054+07:00  INFO 20568 --- [CMSApplication] [restartedMain] o.hibernate.jpa.internal.util.LogHelper  : HHH000204: Processing PersistenceUnitInfo [name: default]
2024-05-03T11:12:28.127+07:00  INFO 20568 --- [CMSApplication] [restartedMain] org.hibernate.Version                    : HHH000412: Hibernate ORM core version 6.4.4.Final
2024-05-03T11:12:28.167+07:00  INFO 20568 --- [CMSApplication] [restartedMain] o.h.c.internal.RegionFactoryInitiator    : HHH000026: Second-level cache disabled
2024-05-03T11:12:28.439+07:00  INFO 20568 --- [CMSApplication] [restartedMain] o.s.o.j.p.SpringPersistenceUnitInfo      : No LoadTimeWeaver setup: ignoring JPA class transformer
2024-05-03T11:12:28.470+07:00  INFO 20568 --- [CMSApplication] [restartedMain] com.zaxxer.hikari.HikariDataSource       : HikariPool-1 - Starting...
2024-05-03T11:12:28.657+07:00  INFO 20568 --- [CMSApplication] [restartedMain] com.zaxxer.hikari.pool.HikariPool        : HikariPool-1 - Added connection com.mysql.cj.jdbc.ConnectionImpl@4394503a
2024-05-03T11:12:28.659+07:00  INFO 20568 --- [CMSApplication] [restartedMain] com.zaxxer.hikari.HikariDataSource       : HikariPool-1 - Start completed.
2024-05-03T11:12:28.706+07:00  WARN 20568 --- [CMSApplication] [restartedMain] org.hibernate.orm.deprecation            : HHH90000025: MySQL8Dialect does not need to be specified explicitly using 'hibernate.dialect' (remove the property setting and it will be selected by default)
2024-05-03T11:12:28.708+07:00  WARN 20568 --- [CMSApplication] [restartedMain] org.hibernate.orm.deprecation            : HHH90000026: MySQL8Dialect has been deprecated; use org.hibernate.dialect.MySQLDialect instead
2024-05-03T11:12:29.705+07:00  INFO 20568 --- [CMSApplication] [restartedMain] o.h.e.t.j.p.i.JtaPlatformInitiator       : HHH000489: No JTA platform available (set 'hibernate.transaction.jta.platform' to enable JTA platform integration)
2024-05-03T11:12:29.800+07:00  INFO 20568 --- [CMSApplication] [restartedMain] j.LocalContainerEntityManagerFactoryBean : Initialized JPA EntityManagerFactory for persistence unit 'default'
2024-05-03T11:12:30.229+07:00  INFO 20568 --- [CMSApplication] [restartedMain] o.s.d.j.r.query.QueryEnhancerFactory     : Hibernate is in classpath; If applicable, HQL parser will be used.
2024-05-03T11:12:30.593+07:00  WARN 20568 --- [CMSApplication] [restartedMain] ConfigServletWebServerApplicationContext : Exception encountered during context initialization - cancelling refresh attempt: org.springframework.beans.factory.UnsatisfiedDependencyException: Error creating bean with name 'homeController' defined in file [E:\IntelliJ\CMSapplication\target\classes\com\example\cmsapplication\controller\HomeController.class]: Unsatisfied dependency expressed through constructor parameter 1: Error creating bean with name 'postService' defined in file [E:\IntelliJ\CMSapplication\target\classes\com\example\cmsapplication\service\PostService.class]: Unsatisfied dependency expressed through constructor parameter 1: Error creating bean with name 'likeService' defined in file [E:\IntelliJ\CMSapplication\target\classes\com\example\cmsapplication\service\LikeService.class]: Unsatisfied dependency expressed through constructor parameter 1: Error creating bean with name 'postService': Requested bean is currently in creation: Is there an unresolvable circular reference?
2024-05-03T11:12:30.593+07:00  INFO 20568 --- [CMSApplication] [restartedMain] j.LocalContainerEntityManagerFactoryBean : Closing JPA EntityManagerFactory for persistence unit 'default'
2024-05-03T11:12:30.597+07:00  INFO 20568 --- [CMSApplication] [restartedMain] com.zaxxer.hikari.HikariDataSource       : HikariPool-1 - Shutdown initiated...
2024-05-03T11:12:30.604+07:00  INFO 20568 --- [CMSApplication] [restartedMain] com.zaxxer.hikari.HikariDataSource       : HikariPool-1 - Shutdown completed.
2024-05-03T11:12:30.607+07:00  INFO 20568 --- [CMSApplication] [restartedMain] o.apache.catalina.core.StandardService   : Stopping service [Tomcat]
2024-05-03T11:12:30.623+07:00  INFO 20568 --- [CMSApplication] [restartedMain] .s.b.a.l.ConditionEvaluationReportLogger : 

Error starting ApplicationContext. To display the condition evaluation report re-run your application with 'debug' enabled.
2024-05-03T11:12:30.646+07:00 ERROR 20568 --- [CMSApplication] [restartedMain] o.s.b.d.LoggingFailureAnalysisReporter   : 

***************************
APPLICATION FAILED TO START
***************************

Description:

The dependencies of some of the beans in the application context form a cycle:

   homeController defined in file [E:\IntelliJ\CMSapplication\target\classes\com\example\cmsapplication\controller\HomeController.class]
┌─────┐
|  postService defined in file [E:\IntelliJ\CMSapplication\target\classes\com\example\cmsapplication\service\PostService.class]
↑     ↓
|  likeService defined in file [E:\IntelliJ\CMSapplication\target\classes\com\example\cmsapplication\service\LikeService.class]
└─────┘


Action:

Relying upon circular references is discouraged and they are prohibited by default. Update your application to remove the dependency cycle between beans. As a last resort, it may be possible to break the cycle automatically by setting spring.main.allow-circular-references to true.

2024-05-03T11:13:18.663+07:00  INFO 2804 --- [CMSApplication] [restartedMain] c.example.cmsapplication.CmsApplication  : Starting CmsApplication using Java 20.0.2 with PID 2804 (E:\IntelliJ\CMSapplication\target\classes started by LNV in E:\IntelliJ\CMSapplication)
2024-05-03T11:13:18.663+07:00 DEBUG 2804 --- [CMSApplication] [restartedMain] c.example.cmsapplication.CmsApplication  : Running with Spring Boot v3.2.5, Spring v6.1.6
2024-05-03T11:13:18.663+07:00  INFO 2804 --- [CMSApplication] [restartedMain] c.example.cmsapplication.CmsApplication  : No active profile set, falling back to 1 default profile: "default"
2024-05-03T11:13:18.700+07:00  INFO 2804 --- [CMSApplication] [restartedMain] .e.DevToolsPropertyDefaultsPostProcessor : Devtools property defaults active! Set 'spring.devtools.add-properties' to 'false' to disable
2024-05-03T11:13:18.700+07:00  INFO 2804 --- [CMSApplication] [restartedMain] .e.DevToolsPropertyDefaultsPostProcessor : For additional web related logging consider setting the 'logging.level.web' property to 'DEBUG'
2024-05-03T11:13:19.442+07:00  INFO 2804 --- [CMSApplication] [restartedMain] .s.d.r.c.RepositoryConfigurationDelegate : Bootstrapping Spring Data JPA repositories in DEFAULT mode.
2024-05-03T11:13:19.488+07:00  INFO 2804 --- [CMSApplication] [restartedMain] .s.d.r.c.RepositoryConfigurationDelegate : Finished Spring Data repository scanning in 40 ms. Found 4 JPA repository interfaces.
2024-05-03T11:13:20.060+07:00  INFO 2804 --- [CMSApplication] [restartedMain] o.s.b.w.embedded.tomcat.TomcatWebServer  : Tomcat initialized with port 8080 (http)
2024-05-03T11:13:20.069+07:00  INFO 2804 --- [CMSApplication] [restartedMain] o.apache.catalina.core.StandardService   : Starting service [Tomcat]
2024-05-03T11:13:20.069+07:00  INFO 2804 --- [CMSApplication] [restartedMain] o.apache.catalina.core.StandardEngine    : Starting Servlet engine: [Apache Tomcat/10.1.20]
2024-05-03T11:13:20.106+07:00  INFO 2804 --- [CMSApplication] [restartedMain] o.a.c.c.C.[Tomcat].[localhost].[/]       : Initializing Spring embedded WebApplicationContext
2024-05-03T11:13:20.106+07:00  INFO 2804 --- [CMSApplication] [restartedMain] w.s.c.ServletWebServerApplicationContext : Root WebApplicationContext: initialization completed in 1406 ms
2024-05-03T11:13:20.351+07:00  INFO 2804 --- [CMSApplication] [restartedMain] o.hibernate.jpa.internal.util.LogHelper  : HHH000204: Processing PersistenceUnitInfo [name: default]
2024-05-03T11:13:20.397+07:00  INFO 2804 --- [CMSApplication] [restartedMain] org.hibernate.Version                    : HHH000412: Hibernate ORM core version 6.4.4.Final
2024-05-03T11:13:20.422+07:00  INFO 2804 --- [CMSApplication] [restartedMain] o.h.c.internal.RegionFactoryInitiator    : HHH000026: Second-level cache disabled
2024-05-03T11:13:20.595+07:00  INFO 2804 --- [CMSApplication] [restartedMain] o.s.o.j.p.SpringPersistenceUnitInfo      : No LoadTimeWeaver setup: ignoring JPA class transformer
2024-05-03T11:13:20.618+07:00  INFO 2804 --- [CMSApplication] [restartedMain] com.zaxxer.hikari.HikariDataSource       : HikariPool-1 - Starting...
2024-05-03T11:13:20.736+07:00  INFO 2804 --- [CMSApplication] [restartedMain] com.zaxxer.hikari.pool.HikariPool        : HikariPool-1 - Added connection com.mysql.cj.jdbc.ConnectionImpl@2feb78be
2024-05-03T11:13:20.737+07:00  INFO 2804 --- [CMSApplication] [restartedMain] com.zaxxer.hikari.HikariDataSource       : HikariPool-1 - Start completed.
2024-05-03T11:13:20.770+07:00  WARN 2804 --- [CMSApplication] [restartedMain] org.hibernate.orm.deprecation            : HHH90000025: MySQL8Dialect does not need to be specified explicitly using 'hibernate.dialect' (remove the property setting and it will be selected by default)
2024-05-03T11:13:20.771+07:00  WARN 2804 --- [CMSApplication] [restartedMain] org.hibernate.orm.deprecation            : HHH90000026: MySQL8Dialect has been deprecated; use org.hibernate.dialect.MySQLDialect instead
2024-05-03T11:13:21.463+07:00  INFO 2804 --- [CMSApplication] [restartedMain] o.h.e.t.j.p.i.JtaPlatformInitiator       : HHH000489: No JTA platform available (set 'hibernate.transaction.jta.platform' to enable JTA platform integration)
2024-05-03T11:13:21.536+07:00  INFO 2804 --- [CMSApplication] [restartedMain] j.LocalContainerEntityManagerFactoryBean : Initialized JPA EntityManagerFactory for persistence unit 'default'
2024-05-03T11:13:21.847+07:00  INFO 2804 --- [CMSApplication] [restartedMain] o.s.d.j.r.query.QueryEnhancerFactory     : Hibernate is in classpath; If applicable, HQL parser will be used.
2024-05-03T11:13:22.139+07:00  WARN 2804 --- [CMSApplication] [restartedMain] ConfigServletWebServerApplicationContext : Exception encountered during context initialization - cancelling refresh attempt: org.springframework.beans.factory.UnsatisfiedDependencyException: Error creating bean with name 'homeController' defined in file [E:\IntelliJ\CMSapplication\target\classes\com\example\cmsapplication\controller\HomeController.class]: Unsatisfied dependency expressed through constructor parameter 1: Error creating bean with name 'postService' defined in file [E:\IntelliJ\CMSapplication\target\classes\com\example\cmsapplication\service\PostService.class]: Unsatisfied dependency expressed through constructor parameter 1: Error creating bean with name 'likeService' defined in file [E:\IntelliJ\CMSapplication\target\classes\com\example\cmsapplication\service\LikeService.class]: Unsatisfied dependency expressed through constructor parameter 1: Error creating bean with name 'postService': Requested bean is currently in creation: Is there an unresolvable circular reference?
2024-05-03T11:13:22.140+07:00  INFO 2804 --- [CMSApplication] [restartedMain] j.LocalContainerEntityManagerFactoryBean : Closing JPA EntityManagerFactory for persistence unit 'default'
2024-05-03T11:13:22.142+07:00  INFO 2804 --- [CMSApplication] [restartedMain] com.zaxxer.hikari.HikariDataSource       : HikariPool-1 - Shutdown initiated...
2024-05-03T11:13:22.147+07:00  INFO 2804 --- [CMSApplication] [restartedMain] com.zaxxer.hikari.HikariDataSource       : HikariPool-1 - Shutdown completed.
2024-05-03T11:13:22.149+07:00  INFO 2804 --- [CMSApplication] [restartedMain] o.apache.catalina.core.StandardService   : Stopping service [Tomcat]
2024-05-03T11:13:22.165+07:00  INFO 2804 --- [CMSApplication] [restartedMain] .s.b.a.l.ConditionEvaluationReportLogger : 

Error starting ApplicationContext. To display the condition evaluation report re-run your application with 'debug' enabled.
2024-05-03T11:13:22.181+07:00 ERROR 2804 --- [CMSApplication] [restartedMain] o.s.b.d.LoggingFailureAnalysisReporter   : 

***************************
APPLICATION FAILED TO START
***************************

Description:

The dependencies of some of the beans in the application context form a cycle:

   homeController defined in file [E:\IntelliJ\CMSapplication\target\classes\com\example\cmsapplication\controller\HomeController.class]
┌─────┐
|  postService defined in file [E:\IntelliJ\CMSapplication\target\classes\com\example\cmsapplication\service\PostService.class]
↑     ↓
|  likeService defined in file [E:\IntelliJ\CMSapplication\target\classes\com\example\cmsapplication\service\LikeService.class]
└─────┘


Action:

Relying upon circular references is discouraged and they are prohibited by default. Update your application to remove the dependency cycle between beans. As a last resort, it may be possible to break the cycle automatically by setting spring.main.allow-circular-references to true.

2024-05-03T11:19:03.326+07:00  INFO 3352 --- [CMSApplication] [restartedMain] c.example.cmsapplication.CmsApplication  : Starting CmsApplication using Java 20.0.2 with PID 3352 (E:\IntelliJ\CMSapplication\target\classes started by LNV in E:\IntelliJ\CMSapplication)
2024-05-03T11:19:03.335+07:00 DEBUG 3352 --- [CMSApplication] [restartedMain] c.example.cmsapplication.CmsApplication  : Running with Spring Boot v3.2.5, Spring v6.1.6
2024-05-03T11:19:03.335+07:00  INFO 3352 --- [CMSApplication] [restartedMain] c.example.cmsapplication.CmsApplication  : No active profile set, falling back to 1 default profile: "default"
2024-05-03T11:19:03.370+07:00  INFO 3352 --- [CMSApplication] [restartedMain] .e.DevToolsPropertyDefaultsPostProcessor : Devtools property defaults active! Set 'spring.devtools.add-properties' to 'false' to disable
2024-05-03T11:19:03.370+07:00  INFO 3352 --- [CMSApplication] [restartedMain] .e.DevToolsPropertyDefaultsPostProcessor : For additional web related logging consider setting the 'logging.level.web' property to 'DEBUG'
2024-05-03T11:19:04.118+07:00  INFO 3352 --- [CMSApplication] [restartedMain] .s.d.r.c.RepositoryConfigurationDelegate : Bootstrapping Spring Data JPA repositories in DEFAULT mode.
2024-05-03T11:19:04.163+07:00  INFO 3352 --- [CMSApplication] [restartedMain] .s.d.r.c.RepositoryConfigurationDelegate : Finished Spring Data repository scanning in 40 ms. Found 4 JPA repository interfaces.
2024-05-03T11:19:04.731+07:00  INFO 3352 --- [CMSApplication] [restartedMain] o.s.b.w.embedded.tomcat.TomcatWebServer  : Tomcat initialized with port 8080 (http)
2024-05-03T11:19:04.741+07:00  INFO 3352 --- [CMSApplication] [restartedMain] o.apache.catalina.core.StandardService   : Starting service [Tomcat]
2024-05-03T11:19:04.741+07:00  INFO 3352 --- [CMSApplication] [restartedMain] o.apache.catalina.core.StandardEngine    : Starting Servlet engine: [Apache Tomcat/10.1.20]
2024-05-03T11:19:04.781+07:00  INFO 3352 --- [CMSApplication] [restartedMain] o.a.c.c.C.[Tomcat].[localhost].[/]       : Initializing Spring embedded WebApplicationContext
2024-05-03T11:19:04.781+07:00  INFO 3352 --- [CMSApplication] [restartedMain] w.s.c.ServletWebServerApplicationContext : Root WebApplicationContext: initialization completed in 1411 ms
2024-05-03T11:19:05.032+07:00  INFO 3352 --- [CMSApplication] [restartedMain] o.hibernate.jpa.internal.util.LogHelper  : HHH000204: Processing PersistenceUnitInfo [name: default]
2024-05-03T11:19:05.073+07:00  INFO 3352 --- [CMSApplication] [restartedMain] org.hibernate.Version                    : HHH000412: Hibernate ORM core version 6.4.4.Final
2024-05-03T11:19:05.098+07:00  INFO 3352 --- [CMSApplication] [restartedMain] o.h.c.internal.RegionFactoryInitiator    : HHH000026: Second-level cache disabled
2024-05-03T11:19:05.313+07:00  INFO 3352 --- [CMSApplication] [restartedMain] o.s.o.j.p.SpringPersistenceUnitInfo      : No LoadTimeWeaver setup: ignoring JPA class transformer
2024-05-03T11:19:05.334+07:00  INFO 3352 --- [CMSApplication] [restartedMain] com.zaxxer.hikari.HikariDataSource       : HikariPool-1 - Starting...
2024-05-03T11:19:05.447+07:00  INFO 3352 --- [CMSApplication] [restartedMain] com.zaxxer.hikari.pool.HikariPool        : HikariPool-1 - Added connection com.mysql.cj.jdbc.ConnectionImpl@54ede78d
2024-05-03T11:19:05.449+07:00  INFO 3352 --- [CMSApplication] [restartedMain] com.zaxxer.hikari.HikariDataSource       : HikariPool-1 - Start completed.
2024-05-03T11:19:05.482+07:00  WARN 3352 --- [CMSApplication] [restartedMain] org.hibernate.orm.deprecation            : HHH90000025: MySQL8Dialect does not need to be specified explicitly using 'hibernate.dialect' (remove the property setting and it will be selected by default)
2024-05-03T11:19:05.483+07:00  WARN 3352 --- [CMSApplication] [restartedMain] org.hibernate.orm.deprecation            : HHH90000026: MySQL8Dialect has been deprecated; use org.hibernate.dialect.MySQLDialect instead
2024-05-03T11:19:06.177+07:00  INFO 3352 --- [CMSApplication] [restartedMain] o.h.e.t.j.p.i.JtaPlatformInitiator       : HHH000489: No JTA platform available (set 'hibernate.transaction.jta.platform' to enable JTA platform integration)
2024-05-03T11:19:06.250+07:00  INFO 3352 --- [CMSApplication] [restartedMain] j.LocalContainerEntityManagerFactoryBean : Initialized JPA EntityManagerFactory for persistence unit 'default'
2024-05-03T11:19:06.566+07:00  INFO 3352 --- [CMSApplication] [restartedMain] o.s.d.j.r.query.QueryEnhancerFactory     : Hibernate is in classpath; If applicable, HQL parser will be used.
2024-05-03T11:19:06.970+07:00  WARN 3352 --- [CMSApplication] [restartedMain] JpaBaseConfiguration$JpaWebConfiguration : spring.jpa.open-in-view is enabled by default. Therefore, database queries may be performed during view rendering. Explicitly configure spring.jpa.open-in-view to disable this warning
2024-05-03T11:19:07.407+07:00  INFO 3352 --- [CMSApplication] [restartedMain] o.s.b.a.e.web.EndpointLinksResolver      : Exposing 1 endpoint(s) beneath base path '/actuator'
2024-05-03T11:19:07.435+07:00  INFO 3352 --- [CMSApplication] [restartedMain] c.e.c.config.WebSecurityConfig           : Configuring Security Filter Chain...
2024-05-03T11:19:07.436+07:00  INFO 3352 --- [CMSApplication] [restartedMain] c.e.c.config.WebSecurityConfig           : disabling CSRF Protection...
2024-05-03T11:19:07.436+07:00  INFO 3352 --- [CMSApplication] [restartedMain] c.e.c.config.WebSecurityConfig           : disabled csrf
2024-05-03T11:19:07.436+07:00  INFO 3352 --- [CMSApplication] [restartedMain] c.e.c.config.WebSecurityConfig           : Configuring request matchers for authorization...
2024-05-03T11:19:07.449+07:00  INFO 3352 --- [CMSApplication] [restartedMain] c.e.c.config.WebSecurityConfig           : Request matchers configured.
2024-05-03T11:19:07.449+07:00  INFO 3352 --- [CMSApplication] [restartedMain] c.e.c.config.WebSecurityConfig           : SecurityFilterChain configured successfully.
2024-05-03T11:19:07.480+07:00  INFO 3352 --- [CMSApplication] [restartedMain] o.s.s.web.DefaultSecurityFilterChain     : Will secure any request with [org.springframework.security.web.session.DisableEncodeUrlFilter@386e8b3e, org.springframework.security.web.context.request.async.WebAsyncManagerIntegrationFilter@6360e6e1, org.springframework.security.web.context.SecurityContextHolderFilter@7701a5b3, org.springframework.security.web.header.HeaderWriterFilter@455ffd92, org.springframework.web.filter.CorsFilter@7306918, org.springframework.security.web.authentication.logout.LogoutFilter@5b4807c5, org.springframework.security.web.authentication.www.BasicAuthenticationFilter@46a655db, org.springframework.security.web.savedrequest.RequestCacheAwareFilter@8e6f095, org.springframework.security.web.servletapi.SecurityContextHolderAwareRequestFilter@4658dde4, org.springframework.security.web.authentication.AnonymousAuthenticationFilter@5b4103d3, org.springframework.security.web.session.SessionManagementFilter@7c248738, org.springframework.security.web.access.ExceptionTranslationFilter@705037d, org.springframework.security.web.access.intercept.AuthorizationFilter@376c45c7]
2024-05-03T11:19:07.838+07:00  INFO 3352 --- [CMSApplication] [restartedMain] o.s.b.d.a.OptionalLiveReloadServer       : LiveReload server is running on port 35729
2024-05-03T11:19:07.913+07:00  INFO 3352 --- [CMSApplication] [restartedMain] o.s.b.w.embedded.tomcat.TomcatWebServer  : Tomcat started on port 8080 (http) with context path ''
2024-05-03T11:19:07.925+07:00  INFO 3352 --- [CMSApplication] [restartedMain] c.example.cmsapplication.CmsApplication  : Started CmsApplication in 4.928 seconds (process running for 5.512)
2024-05-03T11:19:08.227+07:00  INFO 3352 --- [CMSApplication] [RMI TCP Connection(2)-192.168.1.129] o.a.c.c.C.[Tomcat].[localhost].[/]       : Initializing Spring DispatcherServlet 'dispatcherServlet'
2024-05-03T11:19:08.227+07:00  INFO 3352 --- [CMSApplication] [RMI TCP Connection(2)-192.168.1.129] o.s.web.servlet.DispatcherServlet        : Initializing Servlet 'dispatcherServlet'
2024-05-03T11:19:08.229+07:00  INFO 3352 --- [CMSApplication] [RMI TCP Connection(2)-192.168.1.129] o.s.web.servlet.DispatcherServlet        : Completed initialization in 2 ms
2024-05-03T11:19:33.511+07:00  INFO 3352 --- [CMSApplication] [SpringApplicationShutdownHook] j.LocalContainerEntityManagerFactoryBean : Closing JPA EntityManagerFactory for persistence unit 'default'
2024-05-03T11:19:33.511+07:00  INFO 3352 --- [CMSApplication] [SpringApplicationShutdownHook] com.zaxxer.hikari.HikariDataSource       : HikariPool-1 - Shutdown initiated...
2024-05-03T11:19:33.511+07:00  INFO 3352 --- [CMSApplication] [SpringApplicationShutdownHook] com.zaxxer.hikari.HikariDataSource       : HikariPool-1 - Shutdown completed.
2024-05-03T11:30:30.298+07:00  INFO 22020 --- [CMSApplication] [restartedMain] c.example.cmsapplication.CmsApplication  : Starting CmsApplication using Java 20.0.2 with PID 22020 (E:\IntelliJ\CMSapplication\target\classes started by LNV in E:\IntelliJ\CMSapplication)
2024-05-03T11:30:30.298+07:00 DEBUG 22020 --- [CMSApplication] [restartedMain] c.example.cmsapplication.CmsApplication  : Running with Spring Boot v3.2.5, Spring v6.1.6
2024-05-03T11:30:30.298+07:00  INFO 22020 --- [CMSApplication] [restartedMain] c.example.cmsapplication.CmsApplication  : No active profile set, falling back to 1 default profile: "default"
2024-05-03T11:30:30.338+07:00  INFO 22020 --- [CMSApplication] [restartedMain] .e.DevToolsPropertyDefaultsPostProcessor : Devtools property defaults active! Set 'spring.devtools.add-properties' to 'false' to disable
2024-05-03T11:30:30.338+07:00  INFO 22020 --- [CMSApplication] [restartedMain] .e.DevToolsPropertyDefaultsPostProcessor : For additional web related logging consider setting the 'logging.level.web' property to 'DEBUG'
2024-05-03T11:30:31.083+07:00  INFO 22020 --- [CMSApplication] [restartedMain] .s.d.r.c.RepositoryConfigurationDelegate : Bootstrapping Spring Data JPA repositories in DEFAULT mode.
2024-05-03T11:30:31.131+07:00  INFO 22020 --- [CMSApplication] [restartedMain] .s.d.r.c.RepositoryConfigurationDelegate : Finished Spring Data repository scanning in 42 ms. Found 4 JPA repository interfaces.
2024-05-03T11:30:31.703+07:00  INFO 22020 --- [CMSApplication] [restartedMain] o.s.b.w.embedded.tomcat.TomcatWebServer  : Tomcat initialized with port 8080 (http)
2024-05-03T11:30:31.713+07:00  INFO 22020 --- [CMSApplication] [restartedMain] o.apache.catalina.core.StandardService   : Starting service [Tomcat]
2024-05-03T11:30:31.713+07:00  INFO 22020 --- [CMSApplication] [restartedMain] o.apache.catalina.core.StandardEngine    : Starting Servlet engine: [Apache Tomcat/10.1.20]
2024-05-03T11:30:31.750+07:00  INFO 22020 --- [CMSApplication] [restartedMain] o.a.c.c.C.[Tomcat].[localhost].[/]       : Initializing Spring embedded WebApplicationContext
2024-05-03T11:30:31.750+07:00  INFO 22020 --- [CMSApplication] [restartedMain] w.s.c.ServletWebServerApplicationContext : Root WebApplicationContext: initialization completed in 1412 ms
2024-05-03T11:30:32.002+07:00  INFO 22020 --- [CMSApplication] [restartedMain] o.hibernate.jpa.internal.util.LogHelper  : HHH000204: Processing PersistenceUnitInfo [name: default]
2024-05-03T11:30:32.048+07:00  INFO 22020 --- [CMSApplication] [restartedMain] org.hibernate.Version                    : HHH000412: Hibernate ORM core version 6.4.4.Final
2024-05-03T11:30:32.072+07:00  INFO 22020 --- [CMSApplication] [restartedMain] o.h.c.internal.RegionFactoryInitiator    : HHH000026: Second-level cache disabled
2024-05-03T11:30:32.246+07:00  INFO 22020 --- [CMSApplication] [restartedMain] o.s.o.j.p.SpringPersistenceUnitInfo      : No LoadTimeWeaver setup: ignoring JPA class transformer
2024-05-03T11:30:32.268+07:00  INFO 22020 --- [CMSApplication] [restartedMain] com.zaxxer.hikari.HikariDataSource       : HikariPool-1 - Starting...
2024-05-03T11:30:32.384+07:00  INFO 22020 --- [CMSApplication] [restartedMain] com.zaxxer.hikari.pool.HikariPool        : HikariPool-1 - Added connection com.mysql.cj.jdbc.ConnectionImpl@2cc3d0d7
2024-05-03T11:30:32.386+07:00  INFO 22020 --- [CMSApplication] [restartedMain] com.zaxxer.hikari.HikariDataSource       : HikariPool-1 - Start completed.
2024-05-03T11:30:32.419+07:00  WARN 22020 --- [CMSApplication] [restartedMain] org.hibernate.orm.deprecation            : HHH90000025: MySQL8Dialect does not need to be specified explicitly using 'hibernate.dialect' (remove the property setting and it will be selected by default)
2024-05-03T11:30:32.419+07:00  WARN 22020 --- [CMSApplication] [restartedMain] org.hibernate.orm.deprecation            : HHH90000026: MySQL8Dialect has been deprecated; use org.hibernate.dialect.MySQLDialect instead
2024-05-03T11:30:33.109+07:00  INFO 22020 --- [CMSApplication] [restartedMain] o.h.e.t.j.p.i.JtaPlatformInitiator       : HHH000489: No JTA platform available (set 'hibernate.transaction.jta.platform' to enable JTA platform integration)
2024-05-03T11:30:33.181+07:00  INFO 22020 --- [CMSApplication] [restartedMain] j.LocalContainerEntityManagerFactoryBean : Initialized JPA EntityManagerFactory for persistence unit 'default'
2024-05-03T11:30:33.496+07:00  INFO 22020 --- [CMSApplication] [restartedMain] o.s.d.j.r.query.QueryEnhancerFactory     : Hibernate is in classpath; If applicable, HQL parser will be used.
2024-05-03T11:30:33.845+07:00  WARN 22020 --- [CMSApplication] [restartedMain] JpaBaseConfiguration$JpaWebConfiguration : spring.jpa.open-in-view is enabled by default. Therefore, database queries may be performed during view rendering. Explicitly configure spring.jpa.open-in-view to disable this warning
2024-05-03T11:30:34.230+07:00  INFO 22020 --- [CMSApplication] [restartedMain] o.s.b.a.e.web.EndpointLinksResolver      : Exposing 1 endpoint(s) beneath base path '/actuator'
2024-05-03T11:30:34.250+07:00  INFO 22020 --- [CMSApplication] [restartedMain] c.e.c.config.WebSecurityConfig           : Configuring Security Filter Chain...
2024-05-03T11:30:34.250+07:00  INFO 22020 --- [CMSApplication] [restartedMain] c.e.c.config.WebSecurityConfig           : disabling CSRF Protection...
2024-05-03T11:30:34.251+07:00  INFO 22020 --- [CMSApplication] [restartedMain] c.e.c.config.WebSecurityConfig           : disabled csrf
2024-05-03T11:30:34.251+07:00  INFO 22020 --- [CMSApplication] [restartedMain] c.e.c.config.WebSecurityConfig           : Configuring request matchers for authorization...
2024-05-03T11:30:34.261+07:00  INFO 22020 --- [CMSApplication] [restartedMain] c.e.c.config.WebSecurityConfig           : Request matchers configured.
2024-05-03T11:30:34.261+07:00  INFO 22020 --- [CMSApplication] [restartedMain] c.e.c.config.WebSecurityConfig           : SecurityFilterChain configured successfully.
2024-05-03T11:30:34.288+07:00  INFO 22020 --- [CMSApplication] [restartedMain] o.s.s.web.DefaultSecurityFilterChain     : Will secure any request with [org.springframework.security.web.session.DisableEncodeUrlFilter@47c56f0c, org.springframework.security.web.context.request.async.WebAsyncManagerIntegrationFilter@66292577, org.springframework.security.web.context.SecurityContextHolderFilter@4f21da6d, org.springframework.security.web.header.HeaderWriterFilter@7ecf3916, org.springframework.web.filter.CorsFilter@51a065f1, org.springframework.security.web.authentication.logout.LogoutFilter@69a90794, org.springframework.security.web.authentication.www.BasicAuthenticationFilter@610c1928, org.springframework.security.web.savedrequest.RequestCacheAwareFilter@6eb14fad, org.springframework.security.web.servletapi.SecurityContextHolderAwareRequestFilter@2bf0ff7a, org.springframework.security.web.authentication.AnonymousAuthenticationFilter@1835a06b, org.springframework.security.web.session.SessionManagementFilter@4d660409, org.springframework.security.web.access.ExceptionTranslationFilter@24ca742b, org.springframework.security.web.access.intercept.AuthorizationFilter@2ac909e9]
2024-05-03T11:30:34.618+07:00  INFO 22020 --- [CMSApplication] [restartedMain] o.s.b.d.a.OptionalLiveReloadServer       : LiveReload server is running on port 35729
2024-05-03T11:30:34.679+07:00  INFO 22020 --- [CMSApplication] [restartedMain] o.s.b.w.embedded.tomcat.TomcatWebServer  : Tomcat started on port 8080 (http) with context path ''
2024-05-03T11:30:34.692+07:00  INFO 22020 --- [CMSApplication] [restartedMain] c.example.cmsapplication.CmsApplication  : Started CmsApplication in 4.712 seconds (process running for 5.262)
2024-05-03T11:30:35.204+07:00  INFO 22020 --- [CMSApplication] [RMI TCP Connection(1)-192.168.1.129] o.a.c.c.C.[Tomcat].[localhost].[/]       : Initializing Spring DispatcherServlet 'dispatcherServlet'
2024-05-03T11:30:35.204+07:00  INFO 22020 --- [CMSApplication] [RMI TCP Connection(1)-192.168.1.129] o.s.web.servlet.DispatcherServlet        : Initializing Servlet 'dispatcherServlet'
2024-05-03T11:30:35.206+07:00  INFO 22020 --- [CMSApplication] [RMI TCP Connection(1)-192.168.1.129] o.s.web.servlet.DispatcherServlet        : Completed initialization in 2 ms
2024-05-03T11:31:12.184+07:00  INFO 22020 --- [CMSApplication] [SpringApplicationShutdownHook] j.LocalContainerEntityManagerFactoryBean : Closing JPA EntityManagerFactory for persistence unit 'default'
2024-05-03T11:31:12.200+07:00  INFO 22020 --- [CMSApplication] [SpringApplicationShutdownHook] com.zaxxer.hikari.HikariDataSource       : HikariPool-1 - Shutdown initiated...
2024-05-03T11:31:12.203+07:00  INFO 22020 --- [CMSApplication] [SpringApplicationShutdownHook] com.zaxxer.hikari.HikariDataSource       : HikariPool-1 - Shutdown completed.
2024-05-03T11:34:14.860+07:00  INFO 15120 --- [CMSApplication] [restartedMain] c.example.cmsapplication.CmsApplication  : Starting CmsApplication using Java 20.0.2 with PID 15120 (E:\IntelliJ\CMSapplication\target\classes started by LNV in E:\IntelliJ\CMSapplication)
2024-05-03T11:34:14.860+07:00 DEBUG 15120 --- [CMSApplication] [restartedMain] c.example.cmsapplication.CmsApplication  : Running with Spring Boot v3.2.5, Spring v6.1.6
2024-05-03T11:34:14.860+07:00  INFO 15120 --- [CMSApplication] [restartedMain] c.example.cmsapplication.CmsApplication  : No active profile set, falling back to 1 default profile: "default"
2024-05-03T11:34:14.906+07:00  INFO 15120 --- [CMSApplication] [restartedMain] .e.DevToolsPropertyDefaultsPostProcessor : Devtools property defaults active! Set 'spring.devtools.add-properties' to 'false' to disable
2024-05-03T11:34:14.926+07:00  INFO 15120 --- [CMSApplication] [restartedMain] .e.DevToolsPropertyDefaultsPostProcessor : For additional web related logging consider setting the 'logging.level.web' property to 'DEBUG'
2024-05-03T11:34:15.655+07:00  INFO 15120 --- [CMSApplication] [restartedMain] .s.d.r.c.RepositoryConfigurationDelegate : Bootstrapping Spring Data JPA repositories in DEFAULT mode.
2024-05-03T11:34:15.701+07:00  INFO 15120 --- [CMSApplication] [restartedMain] .s.d.r.c.RepositoryConfigurationDelegate : Finished Spring Data repository scanning in 41 ms. Found 4 JPA repository interfaces.
2024-05-03T11:34:16.266+07:00  INFO 15120 --- [CMSApplication] [restartedMain] o.s.b.w.embedded.tomcat.TomcatWebServer  : Tomcat initialized with port 8080 (http)
2024-05-03T11:34:16.290+07:00  INFO 15120 --- [CMSApplication] [restartedMain] o.apache.catalina.core.StandardService   : Starting service [Tomcat]
2024-05-03T11:34:16.291+07:00  INFO 15120 --- [CMSApplication] [restartedMain] o.apache.catalina.core.StandardEngine    : Starting Servlet engine: [Apache Tomcat/10.1.20]
2024-05-03T11:34:16.328+07:00  INFO 15120 --- [CMSApplication] [restartedMain] o.a.c.c.C.[Tomcat].[localhost].[/]       : Initializing Spring embedded WebApplicationContext
2024-05-03T11:34:16.329+07:00  INFO 15120 --- [CMSApplication] [restartedMain] w.s.c.ServletWebServerApplicationContext : Root WebApplicationContext: initialization completed in 1403 ms
2024-05-03T11:34:16.580+07:00  INFO 15120 --- [CMSApplication] [restartedMain] o.hibernate.jpa.internal.util.LogHelper  : HHH000204: Processing PersistenceUnitInfo [name: default]
2024-05-03T11:34:16.621+07:00  INFO 15120 --- [CMSApplication] [restartedMain] org.hibernate.Version                    : HHH000412: Hibernate ORM core version 6.4.4.Final
2024-05-03T11:34:16.647+07:00  INFO 15120 --- [CMSApplication] [restartedMain] o.h.c.internal.RegionFactoryInitiator    : HHH000026: Second-level cache disabled
2024-05-03T11:34:16.823+07:00  INFO 15120 --- [CMSApplication] [restartedMain] o.s.o.j.p.SpringPersistenceUnitInfo      : No LoadTimeWeaver setup: ignoring JPA class transformer
2024-05-03T11:34:16.845+07:00  INFO 15120 --- [CMSApplication] [restartedMain] com.zaxxer.hikari.HikariDataSource       : HikariPool-1 - Starting...
2024-05-03T11:34:16.957+07:00  INFO 15120 --- [CMSApplication] [restartedMain] com.zaxxer.hikari.pool.HikariPool        : HikariPool-1 - Added connection com.mysql.cj.jdbc.ConnectionImpl@1b318be9
2024-05-03T11:34:16.958+07:00  INFO 15120 --- [CMSApplication] [restartedMain] com.zaxxer.hikari.HikariDataSource       : HikariPool-1 - Start completed.
2024-05-03T11:34:16.992+07:00  WARN 15120 --- [CMSApplication] [restartedMain] org.hibernate.orm.deprecation            : HHH90000025: MySQL8Dialect does not need to be specified explicitly using 'hibernate.dialect' (remove the property setting and it will be selected by default)
2024-05-03T11:34:16.992+07:00  WARN 15120 --- [CMSApplication] [restartedMain] org.hibernate.orm.deprecation            : HHH90000026: MySQL8Dialect has been deprecated; use org.hibernate.dialect.MySQLDialect instead
2024-05-03T11:34:17.676+07:00  INFO 15120 --- [CMSApplication] [restartedMain] o.h.e.t.j.p.i.JtaPlatformInitiator       : HHH000489: No JTA platform available (set 'hibernate.transaction.jta.platform' to enable JTA platform integration)
2024-05-03T11:34:17.753+07:00  INFO 15120 --- [CMSApplication] [restartedMain] j.LocalContainerEntityManagerFactoryBean : Initialized JPA EntityManagerFactory for persistence unit 'default'
2024-05-03T11:34:18.085+07:00  INFO 15120 --- [CMSApplication] [restartedMain] o.s.d.j.r.query.QueryEnhancerFactory     : Hibernate is in classpath; If applicable, HQL parser will be used.
2024-05-03T11:34:18.452+07:00  WARN 15120 --- [CMSApplication] [restartedMain] JpaBaseConfiguration$JpaWebConfiguration : spring.jpa.open-in-view is enabled by default. Therefore, database queries may be performed during view rendering. Explicitly configure spring.jpa.open-in-view to disable this warning
2024-05-03T11:34:18.854+07:00  INFO 15120 --- [CMSApplication] [restartedMain] o.s.b.a.e.web.EndpointLinksResolver      : Exposing 1 endpoint(s) beneath base path '/actuator'
2024-05-03T11:34:18.873+07:00  INFO 15120 --- [CMSApplication] [restartedMain] c.e.c.config.WebSecurityConfig           : Configuring Security Filter Chain...
2024-05-03T11:34:18.874+07:00  INFO 15120 --- [CMSApplication] [restartedMain] c.e.c.config.WebSecurityConfig           : disabling CSRF Protection...
2024-05-03T11:34:18.874+07:00  INFO 15120 --- [CMSApplication] [restartedMain] c.e.c.config.WebSecurityConfig           : disabled csrf
2024-05-03T11:34:18.874+07:00  INFO 15120 --- [CMSApplication] [restartedMain] c.e.c.config.WebSecurityConfig           : Configuring request matchers for authorization...
2024-05-03T11:34:18.883+07:00  INFO 15120 --- [CMSApplication] [restartedMain] c.e.c.config.WebSecurityConfig           : Request matchers configured.
2024-05-03T11:34:18.884+07:00  INFO 15120 --- [CMSApplication] [restartedMain] c.e.c.config.WebSecurityConfig           : SecurityFilterChain configured successfully.
2024-05-03T11:34:18.917+07:00  INFO 15120 --- [CMSApplication] [restartedMain] o.s.s.web.DefaultSecurityFilterChain     : Will secure any request with [org.springframework.security.web.session.DisableEncodeUrlFilter@26fe2614, org.springframework.security.web.context.request.async.WebAsyncManagerIntegrationFilter@c5a08c9, org.springframework.security.web.context.SecurityContextHolderFilter@62768ce5, org.springframework.security.web.header.HeaderWriterFilter@25e55b9e, org.springframework.web.filter.CorsFilter@6c964d10, org.springframework.security.web.authentication.logout.LogoutFilter@c1c1fa, org.springframework.security.web.authentication.www.BasicAuthenticationFilter@5c10d947, org.springframework.security.web.savedrequest.RequestCacheAwareFilter@754eebe9, org.springframework.security.web.servletapi.SecurityContextHolderAwareRequestFilter@58bd9807, org.springframework.security.web.authentication.AnonymousAuthenticationFilter@6075c5c5, org.springframework.security.web.session.SessionManagementFilter@6f184a73, org.springframework.security.web.access.ExceptionTranslationFilter@190fcdb, org.springframework.security.web.access.intercept.AuthorizationFilter@7078688e]
2024-05-03T11:34:19.252+07:00  INFO 15120 --- [CMSApplication] [restartedMain] o.s.b.d.a.OptionalLiveReloadServer       : LiveReload server is running on port 35729
2024-05-03T11:34:19.312+07:00  INFO 15120 --- [CMSApplication] [restartedMain] o.s.b.w.embedded.tomcat.TomcatWebServer  : Tomcat started on port 8080 (http) with context path ''
2024-05-03T11:34:19.325+07:00  INFO 15120 --- [CMSApplication] [restartedMain] c.example.cmsapplication.CmsApplication  : Started CmsApplication in 4.784 seconds (process running for 5.314)
2024-05-03T11:34:19.835+07:00  INFO 15120 --- [CMSApplication] [RMI TCP Connection(2)-192.168.1.129] o.a.c.c.C.[Tomcat].[localhost].[/]       : Initializing Spring DispatcherServlet 'dispatcherServlet'
2024-05-03T11:34:19.836+07:00  INFO 15120 --- [CMSApplication] [RMI TCP Connection(2)-192.168.1.129] o.s.web.servlet.DispatcherServlet        : Initializing Servlet 'dispatcherServlet'
2024-05-03T11:34:19.839+07:00  INFO 15120 --- [CMSApplication] [RMI TCP Connection(2)-192.168.1.129] o.s.web.servlet.DispatcherServlet        : Completed initialization in 3 ms
2024-05-03T11:34:48.095+07:00  INFO 15120 --- [CMSApplication] [File Watcher] rtingClassPathChangeChangedEventListener : Restarting due to 1 class path change (0 additions, 0 deletions, 1 modification)
2024-05-03T11:34:48.111+07:00  INFO 15120 --- [CMSApplication] [Thread-5] j.LocalContainerEntityManagerFactoryBean : Closing JPA EntityManagerFactory for persistence unit 'default'
2024-05-03T11:34:48.114+07:00  INFO 15120 --- [CMSApplication] [Thread-5] com.zaxxer.hikari.HikariDataSource       : HikariPool-1 - Shutdown initiated...
2024-05-03T11:34:48.120+07:00  INFO 15120 --- [CMSApplication] [Thread-5] com.zaxxer.hikari.HikariDataSource       : HikariPool-1 - Shutdown completed.
2024-05-03T11:34:48.235+07:00  INFO 15120 --- [CMSApplication] [restartedMain] c.example.cmsapplication.CmsApplication  : Starting CmsApplication using Java 20.0.2 with PID 15120 (E:\IntelliJ\CMSapplication\target\classes started by LNV in E:\IntelliJ\CMSapplication)
2024-05-03T11:34:48.235+07:00 DEBUG 15120 --- [CMSApplication] [restartedMain] c.example.cmsapplication.CmsApplication  : Running with Spring Boot v3.2.5, Spring v6.1.6
2024-05-03T11:34:48.235+07:00  INFO 15120 --- [CMSApplication] [restartedMain] c.example.cmsapplication.CmsApplication  : No active profile set, falling back to 1 default profile: "default"
2024-05-03T11:34:48.481+07:00  INFO 15120 --- [CMSApplication] [restartedMain] .s.d.r.c.RepositoryConfigurationDelegate : Bootstrapping Spring Data JPA repositories in DEFAULT mode.
2024-05-03T11:34:48.500+07:00  INFO 15120 --- [CMSApplication] [restartedMain] .s.d.r.c.RepositoryConfigurationDelegate : Finished Spring Data repository scanning in 17 ms. Found 4 JPA repository interfaces.
2024-05-03T11:34:48.891+07:00  INFO 15120 --- [CMSApplication] [restartedMain] o.s.b.w.embedded.tomcat.TomcatWebServer  : Tomcat initialized with port 8080 (http)
2024-05-03T11:34:48.913+07:00  INFO 15120 --- [CMSApplication] [restartedMain] w.s.c.ServletWebServerApplicationContext : Root WebApplicationContext: initialization completed in 677 ms
2024-05-03T11:34:49.015+07:00  INFO 15120 --- [CMSApplication] [restartedMain] o.hibernate.jpa.internal.util.LogHelper  : HHH000204: Processing PersistenceUnitInfo [name: default]
2024-05-03T11:34:49.032+07:00  INFO 15120 --- [CMSApplication] [restartedMain] o.h.c.internal.RegionFactoryInitiator    : HHH000026: Second-level cache disabled
2024-05-03T11:34:49.032+07:00  INFO 15120 --- [CMSApplication] [restartedMain] o.s.o.j.p.SpringPersistenceUnitInfo      : No LoadTimeWeaver setup: ignoring JPA class transformer
2024-05-03T11:34:49.032+07:00  INFO 15120 --- [CMSApplication] [restartedMain] com.zaxxer.hikari.HikariDataSource       : HikariPool-2 - Starting...
2024-05-03T11:34:49.032+07:00  INFO 15120 --- [CMSApplication] [restartedMain] com.zaxxer.hikari.pool.HikariPool        : HikariPool-2 - Added connection com.mysql.cj.jdbc.ConnectionImpl@30489a8c
2024-05-03T11:34:49.032+07:00  INFO 15120 --- [CMSApplication] [restartedMain] com.zaxxer.hikari.HikariDataSource       : HikariPool-2 - Start completed.
2024-05-03T11:34:49.032+07:00  WARN 15120 --- [CMSApplication] [restartedMain] org.hibernate.orm.deprecation            : HHH90000025: MySQL8Dialect does not need to be specified explicitly using 'hibernate.dialect' (remove the property setting and it will be selected by default)
2024-05-03T11:34:49.032+07:00  WARN 15120 --- [CMSApplication] [restartedMain] org.hibernate.orm.deprecation            : HHH90000026: MySQL8Dialect has been deprecated; use org.hibernate.dialect.MySQLDialect instead
2024-05-03T11:34:49.093+07:00  INFO 15120 --- [CMSApplication] [restartedMain] o.h.e.t.j.p.i.JtaPlatformInitiator       : HHH000489: No JTA platform available (set 'hibernate.transaction.jta.platform' to enable JTA platform integration)
2024-05-03T11:34:49.125+07:00  INFO 15120 --- [CMSApplication] [restartedMain] j.LocalContainerEntityManagerFactoryBean : Initialized JPA EntityManagerFactory for persistence unit 'default'
2024-05-03T11:34:49.271+07:00  WARN 15120 --- [CMSApplication] [restartedMain] JpaBaseConfiguration$JpaWebConfiguration : spring.jpa.open-in-view is enabled by default. Therefore, database queries may be performed during view rendering. Explicitly configure spring.jpa.open-in-view to disable this warning
2024-05-03T11:34:49.438+07:00  INFO 15120 --- [CMSApplication] [restartedMain] o.s.b.a.e.web.EndpointLinksResolver      : Exposing 1 endpoint(s) beneath base path '/actuator'
2024-05-03T11:34:49.444+07:00  INFO 15120 --- [CMSApplication] [restartedMain] c.e.c.config.WebSecurityConfig           : Configuring Security Filter Chain...
2024-05-03T11:34:49.444+07:00  INFO 15120 --- [CMSApplication] [restartedMain] c.e.c.config.WebSecurityConfig           : disabling CSRF Protection...
2024-05-03T11:34:49.444+07:00  INFO 15120 --- [CMSApplication] [restartedMain] c.e.c.config.WebSecurityConfig           : disabled csrf
2024-05-03T11:34:49.444+07:00  INFO 15120 --- [CMSApplication] [restartedMain] c.e.c.config.WebSecurityConfig           : Configuring request matchers for authorization...
2024-05-03T11:34:49.458+07:00  INFO 15120 --- [CMSApplication] [restartedMain] c.e.c.config.WebSecurityConfig           : Request matchers configured.
2024-05-03T11:34:49.458+07:00  INFO 15120 --- [CMSApplication] [restartedMain] c.e.c.config.WebSecurityConfig           : SecurityFilterChain configured successfully.
2024-05-03T11:34:49.458+07:00  INFO 15120 --- [CMSApplication] [restartedMain] o.s.s.web.DefaultSecurityFilterChain     : Will secure any request with [org.springframework.security.web.session.DisableEncodeUrlFilter@41c67b61, org.springframework.security.web.context.request.async.WebAsyncManagerIntegrationFilter@5a54554f, org.springframework.security.web.context.SecurityContextHolderFilter@26d6c7e9, org.springframework.security.web.header.HeaderWriterFilter@58d74d42, org.springframework.web.filter.CorsFilter@79242527, org.springframework.security.web.authentication.logout.LogoutFilter@2a64cdd, org.springframework.security.web.authentication.www.BasicAuthenticationFilter@3c34f7a9, org.springframework.security.web.savedrequest.RequestCacheAwareFilter@3abf8f88, org.springframework.security.web.servletapi.SecurityContextHolderAwareRequestFilter@77c0f37a, org.springframework.security.web.authentication.AnonymousAuthenticationFilter@672d8daf, org.springframework.security.web.session.SessionManagementFilter@5c98ab92, org.springframework.security.web.access.ExceptionTranslationFilter@3c2d9898, org.springframework.security.web.access.intercept.AuthorizationFilter@56fe5f3a]
2024-05-03T11:34:49.631+07:00  INFO 15120 --- [CMSApplication] [restartedMain] o.s.b.d.a.OptionalLiveReloadServer       : LiveReload server is running on port 35729
2024-05-03T11:34:49.647+07:00  INFO 15120 --- [CMSApplication] [restartedMain] o.s.b.w.embedded.tomcat.TomcatWebServer  : Tomcat started on port 8080 (http) with context path ''
2024-05-03T11:34:49.647+07:00  INFO 15120 --- [CMSApplication] [restartedMain] c.example.cmsapplication.CmsApplication  : Started CmsApplication in 1.435 seconds (process running for 35.651)
2024-05-03T11:34:49.662+07:00  INFO 15120 --- [CMSApplication] [restartedMain] .ConditionEvaluationDeltaLoggingListener : Condition evaluation unchanged
2024-05-03T11:34:49.673+07:00  INFO 15120 --- [CMSApplication] [SpringApplicationShutdownHook] j.LocalContainerEntityManagerFactoryBean : Closing JPA EntityManagerFactory for persistence unit 'default'
2024-05-03T11:34:49.673+07:00  INFO 15120 --- [CMSApplication] [SpringApplicationShutdownHook] com.zaxxer.hikari.HikariDataSource       : HikariPool-2 - Shutdown initiated...
2024-05-03T11:34:49.673+07:00  INFO 15120 --- [CMSApplication] [SpringApplicationShutdownHook] com.zaxxer.hikari.HikariDataSource       : HikariPool-2 - Shutdown completed.
